2020-03-20 09:55:01,681 INFO  main                             - Found 1 HealthChecker implementation:sofaComponentHealthChecker
2020-03-20 09:55:01,683 INFO  main                             - Found 4 HealthIndicator implementation:sofaBootHealthIndicator,multiApplicationHealthIndicator,sofaComponentHealthIndicator,diskSpaceHealthIndicator
2020-03-20 09:55:01,684 INFO  main                             - Found 0 ReadinessCheckCallback implementation: 
2020-03-20 09:55:01,684 INFO  main                             - Begin SOFABoot HealthChecker readiness check.
2020-03-20 09:55:01,688 INFO  main                             - HealthChecker[sofaComponentHealthChecker] readiness check success with 0 retry.
2020-03-20 09:55:01,689 INFO  main                             - SOFABoot HealthChecker readiness check result: success.
2020-03-20 09:55:01,689 INFO  main                             - Begin SOFABoot HealthIndicator readiness check.
2020-03-20 09:55:01,690 INFO  main                             - HealthIndicator[diskSpaceHealthIndicator] readiness check success.
2020-03-20 09:55:01,690 INFO  main                             - SOFABoot HealthIndicator readiness check result: success.
2020-03-20 09:55:01,690 INFO  main                             - Begin ReadinessCheckCallback readiness check
2020-03-20 09:55:01,690 INFO  main                             - ReadinessCheckCallback readiness check result: success.
2020-03-20 09:55:01,690 INFO  main                             - Readiness check result: success
2020-03-20 09:56:47,071 INFO  main                             - Found 1 HealthChecker implementation:sofaComponentHealthChecker
2020-03-20 09:56:47,074 INFO  main                             - Found 4 HealthIndicator implementation:sofaBootHealthIndicator,multiApplicationHealthIndicator,sofaComponentHealthIndicator,diskSpaceHealthIndicator
2020-03-20 09:56:47,075 INFO  main                             - Found 0 ReadinessCheckCallback implementation: 
2020-03-20 09:56:47,075 INFO  main                             - Begin SOFABoot HealthChecker readiness check.
2020-03-20 09:56:47,078 INFO  main                             - HealthChecker[sofaComponentHealthChecker] readiness check success with 0 retry.
2020-03-20 09:56:47,078 INFO  main                             - SOFABoot HealthChecker readiness check result: success.
2020-03-20 09:56:47,078 INFO  main                             - Begin SOFABoot HealthIndicator readiness check.
2020-03-20 09:56:47,079 INFO  main                             - HealthIndicator[diskSpaceHealthIndicator] readiness check success.
2020-03-20 09:56:47,079 INFO  main                             - SOFABoot HealthIndicator readiness check result: success.
2020-03-20 09:56:47,079 INFO  main                             - Begin ReadinessCheckCallback readiness check
2020-03-20 09:56:47,079 INFO  main                             - ReadinessCheckCallback readiness check result: success.
2020-03-20 09:56:47,079 INFO  main                             - Readiness check result: success
2020-03-20 09:57:55,508 INFO  main                             - Found 1 HealthChecker implementation:sofaComponentHealthChecker
2020-03-20 09:57:55,512 INFO  main                             - Found 4 HealthIndicator implementation:sofaBootHealthIndicator,multiApplicationHealthIndicator,sofaComponentHealthIndicator,diskSpaceHealthIndicator
2020-03-20 09:57:55,512 INFO  main                             - Found 0 ReadinessCheckCallback implementation: 
2020-03-20 09:57:55,513 INFO  main                             - Begin SOFABoot HealthChecker readiness check.
2020-03-20 09:57:55,515 INFO  main                             - HealthChecker[sofaComponentHealthChecker] readiness check success with 0 retry.
2020-03-20 09:57:55,515 INFO  main                             - SOFABoot HealthChecker readiness check result: success.
2020-03-20 09:57:55,516 INFO  main                             - Begin SOFABoot HealthIndicator readiness check.
2020-03-20 09:57:55,516 INFO  main                             - HealthIndicator[diskSpaceHealthIndicator] readiness check success.
2020-03-20 09:57:55,516 INFO  main                             - SOFABoot HealthIndicator readiness check result: success.
2020-03-20 09:57:55,516 INFO  main                             - Begin ReadinessCheckCallback readiness check
2020-03-20 09:57:55,516 INFO  main                             - ReadinessCheckCallback readiness check result: success.
2020-03-20 09:57:55,516 INFO  main                             - Readiness check result: success
2020-03-20 11:21:00,185 INFO  main                             - Found 1 HealthChecker implementation:sofaComponentHealthChecker
2020-03-20 11:21:00,187 INFO  main                             - Found 4 HealthIndicator implementation:sofaBootHealthIndicator,multiApplicationHealthIndicator,sofaComponentHealthIndicator,diskSpaceHealthIndicator
2020-03-20 11:21:00,188 INFO  main                             - Found 0 ReadinessCheckCallback implementation: 
2020-03-20 11:21:00,188 INFO  main                             - Begin SOFABoot HealthChecker readiness check.
2020-03-20 11:21:00,191 INFO  main                             - HealthChecker[sofaComponentHealthChecker] readiness check success with 0 retry.
2020-03-20 11:21:00,191 INFO  main                             - SOFABoot HealthChecker readiness check result: success.
2020-03-20 11:21:00,192 INFO  main                             - Begin SOFABoot HealthIndicator readiness check.
2020-03-20 11:21:00,192 INFO  main                             - HealthIndicator[diskSpaceHealthIndicator] readiness check success.
2020-03-20 11:21:00,192 INFO  main                             - SOFABoot HealthIndicator readiness check result: success.
2020-03-20 11:21:00,192 INFO  main                             - Begin ReadinessCheckCallback readiness check
2020-03-20 11:21:00,193 INFO  main                             - ReadinessCheckCallback readiness check result: success.
2020-03-20 11:21:00,193 INFO  main                             - Readiness check result: success
2020-03-20 11:23:23,808 INFO  main                             - Found 1 HealthChecker implementation:sofaComponentHealthChecker
2020-03-20 11:23:23,810 INFO  main                             - Found 4 HealthIndicator implementation:sofaBootHealthIndicator,multiApplicationHealthIndicator,sofaComponentHealthIndicator,diskSpaceHealthIndicator
2020-03-20 11:23:23,811 INFO  main                             - Found 0 ReadinessCheckCallback implementation: 
2020-03-20 11:23:23,811 INFO  main                             - Begin SOFABoot HealthChecker readiness check.
2020-03-20 11:23:23,813 INFO  main                             - HealthChecker[sofaComponentHealthChecker] readiness check success with 0 retry.
2020-03-20 11:23:23,814 INFO  main                             - SOFABoot HealthChecker readiness check result: success.
2020-03-20 11:23:23,814 INFO  main                             - Begin SOFABoot HealthIndicator readiness check.
2020-03-20 11:23:23,814 INFO  main                             - HealthIndicator[diskSpaceHealthIndicator] readiness check success.
2020-03-20 11:23:23,815 INFO  main                             - SOFABoot HealthIndicator readiness check result: success.
2020-03-20 11:23:23,815 INFO  main                             - Begin ReadinessCheckCallback readiness check
2020-03-20 11:23:23,815 INFO  main                             - ReadinessCheckCallback readiness check result: success.
2020-03-20 11:23:23,815 INFO  main                             - Readiness check result: success
2020-03-20 11:26:14,267 INFO  main                             - Found 1 HealthChecker implementation:sofaComponentHealthChecker
2020-03-20 11:26:14,269 INFO  main                             - Found 4 HealthIndicator implementation:sofaBootHealthIndicator,multiApplicationHealthIndicator,sofaComponentHealthIndicator,diskSpaceHealthIndicator
2020-03-20 11:26:14,270 INFO  main                             - Found 0 ReadinessCheckCallback implementation: 
2020-03-20 11:26:14,270 INFO  main                             - Begin SOFABoot HealthChecker readiness check.
2020-03-20 11:26:14,273 INFO  main                             - HealthChecker[sofaComponentHealthChecker] readiness check success with 0 retry.
2020-03-20 11:26:14,273 INFO  main                             - SOFABoot HealthChecker readiness check result: success.
2020-03-20 11:26:14,274 INFO  main                             - Begin SOFABoot HealthIndicator readiness check.
2020-03-20 11:26:14,274 INFO  main                             - HealthIndicator[diskSpaceHealthIndicator] readiness check success.
2020-03-20 11:26:14,274 INFO  main                             - SOFABoot HealthIndicator readiness check result: success.
2020-03-20 11:26:14,274 INFO  main                             - Begin ReadinessCheckCallback readiness check
2020-03-20 11:26:14,275 INFO  main                             - ReadinessCheckCallback readiness check result: success.
2020-03-20 11:26:14,275 INFO  main                             - Readiness check result: success
2020-03-20 11:36:36,462 INFO  main                             - Found 1 HealthChecker implementation:sofaComponentHealthChecker
2020-03-20 11:36:36,467 INFO  main                             - Found 4 HealthIndicator implementation:sofaBootHealthIndicator,multiApplicationHealthIndicator,sofaComponentHealthIndicator,diskSpaceHealthIndicator
2020-03-20 11:36:36,468 INFO  main                             - Found 0 ReadinessCheckCallback implementation: 
2020-03-20 11:36:36,468 INFO  main                             - Begin SOFABoot HealthChecker readiness check.
2020-03-20 11:36:36,471 INFO  main                             - HealthChecker[sofaComponentHealthChecker] readiness check success with 0 retry.
2020-03-20 11:36:36,471 INFO  main                             - SOFABoot HealthChecker readiness check result: success.
2020-03-20 11:36:36,471 INFO  main                             - Begin SOFABoot HealthIndicator readiness check.
2020-03-20 11:36:36,472 INFO  main                             - HealthIndicator[diskSpaceHealthIndicator] readiness check success.
2020-03-20 11:36:36,472 INFO  main                             - SOFABoot HealthIndicator readiness check result: success.
2020-03-20 11:36:36,472 INFO  main                             - Begin ReadinessCheckCallback readiness check
2020-03-20 11:36:36,472 INFO  main                             - ReadinessCheckCallback readiness check result: success.
2020-03-20 11:36:36,472 INFO  main                             - Readiness check result: success
2020-03-20 11:45:25,542 INFO  main                             - Found 1 HealthChecker implementation:sofaComponentHealthChecker
2020-03-20 11:45:25,544 INFO  main                             - Found 4 HealthIndicator implementation:sofaBootHealthIndicator,multiApplicationHealthIndicator,sofaComponentHealthIndicator,diskSpaceHealthIndicator
2020-03-20 11:45:25,545 INFO  main                             - Found 0 ReadinessCheckCallback implementation: 
2020-03-20 11:45:25,545 INFO  main                             - Begin SOFABoot HealthChecker readiness check.
2020-03-20 11:45:25,548 INFO  main                             - HealthChecker[sofaComponentHealthChecker] readiness check success with 0 retry.
2020-03-20 11:45:25,548 INFO  main                             - SOFABoot HealthChecker readiness check result: success.
2020-03-20 11:45:25,548 INFO  main                             - Begin SOFABoot HealthIndicator readiness check.
2020-03-20 11:45:25,549 INFO  main                             - HealthIndicator[diskSpaceHealthIndicator] readiness check success.
2020-03-20 11:45:25,549 INFO  main                             - SOFABoot HealthIndicator readiness check result: success.
2020-03-20 11:45:25,549 INFO  main                             - Begin ReadinessCheckCallback readiness check
2020-03-20 11:45:25,549 INFO  main                             - ReadinessCheckCallback readiness check result: success.
2020-03-20 11:45:25,549 INFO  main                             - Readiness check result: success
2020-03-20 11:56:46,426 INFO  main                             - Found 1 HealthChecker implementation:sofaComponentHealthChecker
2020-03-20 11:56:46,431 INFO  main                             - Found 4 HealthIndicator implementation:sofaBootHealthIndicator,multiApplicationHealthIndicator,sofaComponentHealthIndicator,diskSpaceHealthIndicator
2020-03-20 11:56:46,432 INFO  main                             - Found 0 ReadinessCheckCallback implementation: 
2020-03-20 11:56:46,432 INFO  main                             - Begin SOFABoot HealthChecker readiness check.
2020-03-20 11:56:46,435 INFO  main                             - HealthChecker[sofaComponentHealthChecker] readiness check success with 0 retry.
2020-03-20 11:56:46,435 INFO  main                             - SOFABoot HealthChecker readiness check result: success.
2020-03-20 11:56:46,436 INFO  main                             - Begin SOFABoot HealthIndicator readiness check.
2020-03-20 11:56:46,436 INFO  main                             - HealthIndicator[diskSpaceHealthIndicator] readiness check success.
2020-03-20 11:56:46,436 INFO  main                             - SOFABoot HealthIndicator readiness check result: success.
2020-03-20 11:56:46,436 INFO  main                             - Begin ReadinessCheckCallback readiness check
2020-03-20 11:56:46,437 INFO  main                             - ReadinessCheckCallback readiness check result: success.
2020-03-20 11:56:46,437 INFO  main                             - Readiness check result: success
